Arguments: 
  C:\Program Files\nodejs\node.exe C:\Program Files\nodejs\node_modules\yarn\bin\yarn.js publish

PATH: 
  C:\Program Files (x86)\Common Files\Oracle\Java\javapath;C:\Program Files (x86)\VMware\VMware Workstation\bin\;C:\Windows\system32;C:\Windows;C:\Windows\System32\Wbem;C:\Windows\System32\WindowsPowerShell\v1.0\;C:\Windows\System32\OpenSSH\;C:\Program Files (x86)\NVIDIA Corporation\PhysX\Common;C:\WINDOWS\system32;C:\WINDOWS;C:\WINDOWS\System32\Wbem;C:\WINDOWS\System32\WindowsPowerShell\v1.0\;C:\WINDOWS\System32\OpenSSH\;C:\Users\akhil\AppData\Roaming\nvm;C:\Program Files\nodejs;C:\Program Files\Amazon\AWSCLI\bin\;C:\HashiCorp\Vagrant\bin;C:\Program Files\Java\jre1.8.0_321\bin;C:\Program Files\nodejs\;C:\ProgramData\chocolatey\bin;C:\Program Files\NVIDIA Corporation\NVIDIA NvDLISR;C:\Program Files\Git\cmd;C:\Users\akhil\AppData\Local\Microsoft\WindowsApps;C:\Program Files\heroku\bin;C:\Users\akhil\AppData\Roaming\nvm;C:\Program Files\nodejs;C:\Program Files\mongosh\;C:\Program Files\mongosh;C:\Users\akhil\AppData\Local\Programs\Microsoft VS Code\bin;C:\Users\akhil\AppData\Local\Android\Sdk\platform-tools;C:\Program Files\Docker Toolbox;C:\Program Files\Java\jdk-11.0.17\bin;C:\Users\akhil\AppData\Local\Microsoft\WindowsApps;

Yarn version: 
  1.22.17

Node version: 
  14.18.2

Platform: 
  win32 x64

Trace: 
  Error: https://npm.pkg.github.com/@OWNER/-/user/org.couchdb.user:akhiles168: unauthenticated: User cannot be authenticated with the token provided.
      at Request.params.callback [as _callback] (C:\Users\akhil\AppData\Roaming\nvm\v14.18.2\node_modules\yarn\lib\cli.js:67029:18)
      at Request.self.callback (C:\Users\akhil\AppData\Roaming\nvm\v14.18.2\node_modules\yarn\lib\cli.js:140883:22)
      at Request.emit (events.js:400:28)
      at Request.<anonymous> (C:\Users\akhil\AppData\Roaming\nvm\v14.18.2\node_modules\yarn\lib\cli.js:141855:10)
      at Request.emit (events.js:400:28)
      at IncomingMessage.<anonymous> (C:\Users\akhil\AppData\Roaming\nvm\v14.18.2\node_modules\yarn\lib\cli.js:141777:12)
      at Object.onceWrapper (events.js:519:28)
      at IncomingMessage.emit (events.js:412:35)
      at endReadableNT (internal/streams/readable.js:1334:12)
      at processTicksAndRejections (internal/process/task_queues.js:82:21)

npm manifest: 
  {
    "name": "@akhilesh168/githubcallsusingexpress",
    "version": "0.0.1",
    "scripts": {
      "start": "node ./bin/www"
    },
    "publishConfig": {
      "registry": "https://npm.pkg.github.com/@OWNER"
    },
    "repository": {
      "url": "git@github.com:akhilesh168/githubcallsusingexpress.git"
    },
    "dependencies": {
      "@octokit/rest": "^19.0.5",
      "axios": "^1.2.0",
      "cookie-parser": "~1.4.4",
      "debug": "~2.6.9",
      "dotenv": "^16.0.3",
      "express": "~4.16.1",
      "morgan": "~1.9.1",
      "strip-bom": "^4.0.0"
    }
  }

yarn manifest: 
  No manifest

Lockfile: 
  No lockfile
